[2025-05-06T20:28:16.545+0000] {manager.py:469} INFO - Processing files using up to 2 processes at a time 
[2025-05-06T20:28:16.546+0000] {manager.py:470} INFO - Process each file at most once every 30 seconds
[2025-05-06T20:28:16.547+0000] {manager.py:471} INFO - Checking for new files in /opt/airflow/dags every 300 seconds
[2025-05-06T20:28:16.548+0000] {manager.py:738} INFO - Searching for files in /opt/airflow/dags
[2025-05-06T20:28:16.587+0000] {manager.py:741} INFO - There are 1 files in /opt/airflow/dags
[2025-05-06T20:28:16.743+0000] {manager.py:879} INFO - 
================================================================================
DAG File Processing Stats

File Path                             PID  Runtime      # DAGs    # Errors  Last Runtime    Last Run
----------------------------------  -----  ---------  --------  ----------  --------------  ----------
/opt/airflow/dags/exercises_dag.py    179  0.09s             0           0
================================================================================
[2025-05-06T20:28:47.009+0000] {manager.py:879} INFO - 
================================================================================
DAG File Processing Stats

File Path                             PID  Runtime      # DAGs    # Errors  Last Runtime    Last Run
----------------------------------  -----  ---------  --------  ----------  --------------  -------------------
/opt/airflow/dags/exercises_dag.py    184  0.02s             1           0  0.21s           2025-05-06T20:28:16
================================================================================
[2025-05-06T20:29:17.322+0000] {manager.py:879} INFO - 
================================================================================
DAG File Processing Stats

File Path                             PID  Runtime      # DAGs    # Errors  Last Runtime    Last Run
----------------------------------  -----  ---------  --------  ----------  --------------  -------------------
/opt/airflow/dags/exercises_dag.py    189  0.00s             1           0  0.26s           2025-05-06T20:28:47
================================================================================
[2025-05-06T20:29:47.685+0000] {manager.py:879} INFO - 
================================================================================
DAG File Processing Stats

File Path                             PID  Runtime      # DAGs    # Errors  Last Runtime    Last Run
----------------------------------  -----  ---------  --------  ----------  --------------  -------------------
/opt/airflow/dags/exercises_dag.py    194  0.00s             1           0  0.13s           2025-05-06T20:29:17
================================================================================
[2025-05-06T20:30:17.934+0000] {manager.py:879} INFO - 
================================================================================
DAG File Processing Stats

File Path                             PID  Runtime      # DAGs    # Errors  Last Runtime    Last Run
----------------------------------  -----  ---------  --------  ----------  --------------  -------------------
/opt/airflow/dags/exercises_dag.py    199  0.01s             1           0  0.12s           2025-05-06T20:29:47
================================================================================
[2025-05-06T20:30:48.202+0000] {manager.py:879} INFO - 
================================================================================
DAG File Processing Stats

File Path                             PID  Runtime      # DAGs    # Errors  Last Runtime    Last Run
----------------------------------  -----  ---------  --------  ----------  --------------  -------------------
/opt/airflow/dags/exercises_dag.py    204  0.00s             1           0  0.13s           2025-05-06T20:30:18
================================================================================
[2025-05-06T20:31:18.451+0000] {manager.py:879} INFO - 
================================================================================
DAG File Processing Stats

File Path                             PID  Runtime      # DAGs    # Errors  Last Runtime    Last Run
----------------------------------  -----  ---------  --------  ----------  --------------  -------------------
/opt/airflow/dags/exercises_dag.py    209  0.00s             1           0  0.12s           2025-05-06T20:30:48
================================================================================
[2025-05-06T20:31:48.731+0000] {manager.py:879} INFO - 
================================================================================
DAG File Processing Stats

File Path                             PID  Runtime      # DAGs    # Errors  Last Runtime    Last Run
----------------------------------  -----  ---------  --------  ----------  --------------  -------------------
/opt/airflow/dags/exercises_dag.py    214  0.00s             1           0  0.12s           2025-05-06T20:31:18
================================================================================
[2025-05-06T20:32:18.984+0000] {manager.py:879} INFO - 
================================================================================
DAG File Processing Stats

File Path                             PID  Runtime      # DAGs    # Errors  Last Runtime    Last Run
----------------------------------  -----  ---------  --------  ----------  --------------  -------------------
/opt/airflow/dags/exercises_dag.py    219  0.01s             1           0  0.15s           2025-05-06T20:31:48
================================================================================
